[debug] [2020-11-17T16:34:44.917Z] ----------------------------------------------------------------------
[debug] [2020-11-17T16:34:44.922Z] Command:       /usr/local/bin/node /usr/local/bin/firebase deploy --only functions
[debug] [2020-11-17T16:34:44.922Z] CLI Version:   8.16.2
[debug] [2020-11-17T16:34:44.922Z] Platform:      darwin
[debug] [2020-11-17T16:34:44.922Z] Node Version:  v12.16.1
[debug] [2020-11-17T16:34:44.929Z] Time:          Wed Nov 18 2020 01:34:44 GMT+0900 (Japan Standard Time)
[debug] [2020-11-17T16:34:44.929Z] ----------------------------------------------------------------------
[debug] [2020-11-17T16:34:44.930Z] 
[debug] [2020-11-17T16:34:44.950Z] > command requires scopes: ["email","openid","https://www.googleapis.com/auth/cloudplatformprojects.readonly","https://www.googleapis.com/auth/firebase","https://www.googleapis.com/auth/cloud-platform"]
[debug] [2020-11-17T16:34:44.951Z] > authorizing via signed-in user
[debug] [2020-11-17T16:34:44.951Z] [iam] checking project scrapbox-svg for permissions ["cloudfunctions.functions.create","cloudfunctions.functions.delete","cloudfunctions.functions.get","cloudfunctions.functions.list","cloudfunctions.functions.update","cloudfunctions.operations.get","firebase.projects.get"]
[debug] [2020-11-17T16:34:44.958Z] >>> HTTP REQUEST POST https://cloudresourcemanager.googleapis.com/v1/projects/scrapbox-svg:testIamPermissions  
 {"permissions":["cloudfunctions.functions.create","cloudfunctions.functions.delete","cloudfunctions.functions.get","cloudfunctions.functions.list","cloudfunctions.functions.update","cloudfunctions.operations.get","firebase.projects.get"]}
[debug] [2020-11-17T16:34:45.764Z] <<< HTTP RESPONSE 200 {"content-type":"application/json; charset=UTF-8","vary":"X-Origin, Referer, Origin,Accept-Encoding","date":"Tue, 17 Nov 2020 16:34:45 GMT","server":"ESF","cache-control":"private","x-xss-protection":"0","x-frame-options":"SAMEORIGIN","x-content-type-options":"nosniff","server-timing":"gfet4t7; dur=640","alt-svc":"h3-Q050=\":443\"; ma=2592000,h3-29=\":443\"; ma=2592000,h3-T051=\":443\"; ma=2592000,h3-Q046=\":443\"; ma=2592000,h3-Q043=\":443\"; ma=2592000,quic=\":443\"; ma=2592000; v=\"46,43\"","accept-ranges":"none","transfer-encoding":"chunked"}
[debug] [2020-11-17T16:34:45.767Z] >>> HTTP REQUEST POST https://iam.googleapis.com/v1/projects/scrapbox-svg/serviceAccounts/scrapbox-svg@appspot.gserviceaccount.com:testIamPermissions  
 {"permissions":["iam.serviceAccounts.actAs"]}
[debug] [2020-11-17T16:34:46.615Z] <<< HTTP RESPONSE 200 {"content-type":"application/json; charset=UTF-8","vary":"X-Origin, Referer, Origin,Accept-Encoding","date":"Tue, 17 Nov 2020 16:34:46 GMT","server":"ESF","cache-control":"private","x-xss-protection":"0","x-frame-options":"SAMEORIGIN","x-content-type-options":"nosniff","alt-svc":"h3-Q050=\":443\"; ma=2592000,h3-29=\":443\"; ma=2592000,h3-T051=\":443\"; ma=2592000,h3-Q046=\":443\"; ma=2592000,h3-Q043=\":443\"; ma=2592000,quic=\":443\"; ma=2592000; v=\"46,43\"","accept-ranges":"none","transfer-encoding":"chunked"}
[info] 
[info] === Deploying to 'scrapbox-svg'...
[info] 
[info] i  deploying functions 
[debug] [2020-11-17T16:34:48.167Z] > [functions] package.json contents: {
  "name": "functions",
  "description": "Cloud Functions for Firebase",
  "scripts": {
    "serve": "firebase emulators:start --only functions",
    "shell": "firebase functions:shell",
    "start": "npm run shell",
    "deploy": "firebase deploy --only functions",
    "logs": "firebase functions:log"
  },
  "engines": {
    "node": "12"
  },
  "main": "index.js",
  "dependencies": {
    "express": "^4.17.1",
    "firebase-admin": "^9.2.0",
    "firebase-functions": "^3.11.0"
  },
  "devDependencies": {
    "firebase-functions-test": "^0.2.0"
  },
  "private": true
}
[info] i  functions: ensuring required API cloudfunctions.googleapis.com is enabled... 
[info] i  functions: ensuring required API cloudbuild.googleapis.com is enabled... 
[debug] [2020-11-17T16:34:48.859Z] >>> HTTP REQUEST GET https://serviceusage.googleapis.com/v1/projects/scrapbox-svg/services/cloudfunctions.googleapis.com  
 
[debug] [2020-11-17T16:34:48.860Z] >>> HTTP REQUEST GET https://serviceusage.googleapis.com/v1/projects/scrapbox-svg/services/runtimeconfig.googleapis.com  
 
[debug] [2020-11-17T16:34:48.861Z] >>> HTTP REQUEST GET https://serviceusage.googleapis.com/v1/projects/scrapbox-svg/services/cloudbuild.googleapis.com  
 
[debug] [2020-11-17T16:34:49.903Z] <<< HTTP RESPONSE 200 {"content-type":"application/json; charset=UTF-8","vary":"X-Origin, Referer, Origin,Accept-Encoding","date":"Tue, 17 Nov 2020 16:34:49 GMT","server":"ESF","cache-control":"private","x-xss-protection":"0","x-frame-options":"SAMEORIGIN","x-content-type-options":"nosniff","alt-svc":"h3-Q050=\":443\"; ma=2592000,h3-29=\":443\"; ma=2592000,h3-T051=\":443\"; ma=2592000,h3-Q046=\":443\"; ma=2592000,h3-Q043=\":443\"; ma=2592000,quic=\":443\"; ma=2592000; v=\"46,43\"","accept-ranges":"none","transfer-encoding":"chunked"}
[debug] [2020-11-17T16:34:49.911Z] <<< HTTP RESPONSE 200 {"content-type":"application/json; charset=UTF-8","vary":"X-Origin, Referer, Origin,Accept-Encoding","date":"Tue, 17 Nov 2020 16:34:49 GMT","server":"ESF","cache-control":"private","x-xss-protection":"0","x-frame-options":"SAMEORIGIN","x-content-type-options":"nosniff","alt-svc":"h3-Q050=\":443\"; ma=2592000,h3-29=\":443\"; ma=2592000,h3-T051=\":443\"; ma=2592000,h3-Q046=\":443\"; ma=2592000,h3-Q043=\":443\"; ma=2592000,quic=\":443\"; ma=2592000; v=\"46,43\"","accept-ranges":"none","transfer-encoding":"chunked"}
[info] ✔  functions: required API cloudbuild.googleapis.com is enabled 
[debug] [2020-11-17T16:34:49.922Z] <<< HTTP RESPONSE 200 {"content-type":"application/json; charset=UTF-8","vary":"X-Origin, Referer, Origin,Accept-Encoding","date":"Tue, 17 Nov 2020 16:34:49 GMT","server":"ESF","cache-control":"private","x-xss-protection":"0","x-frame-options":"SAMEORIGIN","x-content-type-options":"nosniff","alt-svc":"h3-Q050=\":443\"; ma=2592000,h3-29=\":443\"; ma=2592000,h3-T051=\":443\"; ma=2592000,h3-Q046=\":443\"; ma=2592000,h3-Q043=\":443\"; ma=2592000,quic=\":443\"; ma=2592000; v=\"46,43\"","accept-ranges":"none","transfer-encoding":"chunked"}
[info] ✔  functions: required API cloudfunctions.googleapis.com is enabled 
[debug] [2020-11-17T16:34:49.924Z] >>> HTTP REQUEST GET https://firebase.googleapis.com/v1beta1/projects/scrapbox-svg/adminSdkConfig  
 
[debug] [2020-11-17T16:34:50.739Z] <<< HTTP RESPONSE 200 {"content-type":"application/json; charset=UTF-8","vary":"X-Origin, Referer, Origin,Accept-Encoding","date":"Tue, 17 Nov 2020 16:34:50 GMT","server":"ESF","cache-control":"private","x-xss-protection":"0","x-frame-options":"SAMEORIGIN","x-content-type-options":"nosniff","alt-svc":"h3-Q050=\":443\"; ma=2592000,h3-29=\":443\"; ma=2592000,h3-T051=\":443\"; ma=2592000,h3-Q046=\":443\"; ma=2592000,h3-Q043=\":443\"; ma=2592000,quic=\":443\"; ma=2592000; v=\"46,43\"","accept-ranges":"none","transfer-encoding":"chunked"}
[info] i  functions: preparing functions directory for uploading... 
[debug] [2020-11-17T16:34:50.742Z] >>> HTTP REQUEST GET https://runtimeconfig.googleapis.com/v1beta1/projects/scrapbox-svg/configs  
 
[debug] [2020-11-17T16:34:51.120Z] <<< HTTP RESPONSE 200 {"content-type":"application/json; charset=UTF-8","vary":"X-Origin, Referer, Origin,Accept-Encoding","date":"Tue, 17 Nov 2020 16:34:50 GMT","server":"ESF","cache-control":"private","x-xss-protection":"0","x-frame-options":"SAMEORIGIN","x-content-type-options":"nosniff","alt-svc":"h3-Q050=\":443\"; ma=2592000,h3-29=\":443\"; ma=2592000,h3-T051=\":443\"; ma=2592000,h3-Q046=\":443\"; ma=2592000,h3-Q043=\":443\"; ma=2592000,quic=\":443\"; ma=2592000; v=\"46,43\"","accept-ranges":"none","transfer-encoding":"chunked"}
[info] i  functions: packaged functions (48.95 KB) for uploading 
[debug] [2020-11-17T16:34:51.595Z] >>> HTTP REQUEST GET https://cloudfunctions.googleapis.com/v1/projects/scrapbox-svg/locations/-/functions  
 
[debug] [2020-11-17T16:34:52.352Z] <<< HTTP RESPONSE 200 {"content-type":"application/json; charset=UTF-8","vary":"X-Origin, Referer, Origin,Accept-Encoding","date":"Tue, 17 Nov 2020 16:34:52 GMT","server":"ESF","cache-control":"private","x-xss-protection":"0","x-frame-options":"SAMEORIGIN","x-content-type-options":"nosniff","alt-svc":"h3-Q050=\":443\"; ma=2592000,h3-29=\":443\"; ma=2592000,h3-T051=\":443\"; ma=2592000,h3-Q046=\":443\"; ma=2592000,h3-Q043=\":443\"; ma=2592000,quic=\":443\"; ma=2592000; v=\"46,43\"","accept-ranges":"none","transfer-encoding":"chunked"}
[debug] [2020-11-17T16:34:52.356Z] >>> HTTP REQUEST POST https://cloudfunctions.googleapis.com/v1/projects/scrapbox-svg/locations/us-central1/functions:generateUploadUrl  
 
[debug] [2020-11-17T16:34:53.198Z] <<< HTTP RESPONSE 200 {"content-type":"application/json; charset=UTF-8","vary":"X-Origin, Referer, Origin,Accept-Encoding","date":"Tue, 17 Nov 2020 16:34:53 GMT","server":"ESF","cache-control":"private","x-xss-protection":"0","x-frame-options":"SAMEORIGIN","x-content-type-options":"nosniff","alt-svc":"h3-Q050=\":443\"; ma=2592000,h3-29=\":443\"; ma=2592000,h3-T051=\":443\"; ma=2592000,h3-Q046=\":443\"; ma=2592000,h3-Q043=\":443\"; ma=2592000,quic=\":443\"; ma=2592000; v=\"46,43\"","accept-ranges":"none","transfer-encoding":"chunked"}
[debug] [2020-11-17T16:34:53.200Z] >>> HTTP REQUEST PUT https://storage.googleapis.com/gcf-upload-us-central1-9e5f906a-bd62-450f-85bf-5ec052dc0813/18abb4dc-5972-428c-bed7-70b3fa30eef9.zip?GoogleAccessId=service-638510426732@gcf-admin-robot.iam.gserviceaccount.com&Expires=1605632692&Signature=ScTBEy4PWfNB3698htgg4Kpr3OvQMRuLBFSvw3po0%2FKUl7DmeYcJF9nS94H6Ih4AI%2BeRGKLUFj9qfocsbudraFS%2FzPsTySpEron4eGjucx3hFXm2DqfrAShxJgZEIHnW8biIO2TRNBj339VlywBM2a9gfyK85WgXUHDxygFxjb4a4yX4ldp5xeerHkiE2c6kxcyN9KHwKYqWJzZ9lANK0zujG8F1zKFBO20JrbfI1yhvC5Ncc8%2F1jxFBs2TuMB5LiXwBuId5xp5fbzVnyElTOHTSBPDplrODsTiT4kMe4XSVhlGuCPGmSCSAWbnoMuR%2FUeUJsbLd1nvEzi%2BNI2DbpQ%3D%3D  
 <request body omitted>
[debug] [2020-11-17T16:34:53.485Z] <<< HTTP RESPONSE 200 {"x-guploader-uploadid":"ABg5-UyQHVEebPx5l4U1cyNNcky8aU71XK_qS7FbCGkqM9qqexWnrNYCfN01IliGpmWEYF2o5BZO4a7pUseF5U3R_jEmglEGrA","etag":"\"3218ba4b34080bea5115620f641b0e1b\"","x-goog-generation":"1605630893403597","x-goog-metageneration":"1","x-goog-hash":"crc32c=cbI2KA==, md5=Mhi6SzQIC+pRFWIPZBsOGw==","x-goog-stored-content-length":"50123","x-goog-stored-content-encoding":"identity","vary":"Origin","content-length":"0","date":"Tue, 17 Nov 2020 16:34:53 GMT","server":"UploadServer","content-type":"text/html; charset=UTF-8","alt-svc":"h3-Q050=\":443\"; ma=2592000,h3-29=\":443\"; ma=2592000,h3-T051=\":443\"; ma=2592000,h3-Q046=\":443\"; ma=2592000,h3-Q043=\":443\"; ma=2592000,quic=\":443\"; ma=2592000; v=\"46,43\""}
[info] ✔  functions: functions folder uploaded successfully 
[info] i  functions: updating Node.js 12 function app(us-central1)... 
[debug] [2020-11-17T16:34:53.492Z] Trigger is:  {"httpsTrigger":{}}
[debug] [2020-11-17T16:34:53.495Z] >>> HTTP REQUEST PATCH https://cloudfunctions.googleapis.com/v1/projects/scrapbox-svg/locations/us-central1/functions/app {"updateMask":"sourceUploadUrl,name,labels,runtime,environmentVariables,httpsTrigger"} 
 {"sourceUploadUrl":"https://storage.googleapis.com/gcf-upload-us-central1-9e5f906a-bd62-450f-85bf-5ec052dc0813/18abb4dc-5972-428c-bed7-70b3fa30eef9.zip?GoogleAccessId=service-638510426732@gcf-admin-robot.iam.gserviceaccount.com&Expires=1605632692&Signature=ScTBEy4PWfNB3698htgg4Kpr3OvQMRuLBFSvw3po0%2FKUl7DmeYcJF9nS94H6Ih4AI%2BeRGKLUFj9qfocsbudraFS%2FzPsTySpEron4eGjucx3hFXm2DqfrAShxJgZEIHnW8biIO2TRNBj339VlywBM2a9gfyK85WgXUHDxygFxjb4a4yX4ldp5xeerHkiE2c6kxcyN9KHwKYqWJzZ9lANK0zujG8F1zKFBO20JrbfI1yhvC5Ncc8%2F1jxFBs2TuMB5LiXwBuId5xp5fbzVnyElTOHTSBPDplrODsTiT4kMe4XSVhlGuCPGmSCSAWbnoMuR%2FUeUJsbLd1nvEzi%2BNI2DbpQ%3D%3D","name":"projects/scrapbox-svg/locations/us-central1/functions/app","labels":{"deployment-tool":"cli-firebase"},"httpsTrigger":{},"runtime":"nodejs12","environmentVariables":{"FIREBASE_CONFIG":"{\"projectId\":\"scrapbox-svg\",\"databaseURL\":\"https://scrapbox-svg.firebaseio.com\",\"storageBucket\":\"scrapbox-svg.appspot.com\"}"}}
[debug] [2020-11-17T16:34:54.619Z] <<< HTTP RESPONSE 200 {"content-type":"application/json; charset=UTF-8","vary":"X-Origin, Referer, Origin,Accept-Encoding","date":"Tue, 17 Nov 2020 16:34:54 GMT","server":"ESF","cache-control":"private","x-xss-protection":"0","x-frame-options":"SAMEORIGIN","x-content-type-options":"nosniff","alt-svc":"h3-Q050=\":443\"; ma=2592000,h3-29=\":443\"; ma=2592000,h3-T051=\":443\"; ma=2592000,h3-Q046=\":443\"; ma=2592000,h3-Q043=\":443\"; ma=2592000,quic=\":443\"; ma=2592000; v=\"46,43\"","accept-ranges":"none","transfer-encoding":"chunked"}
[debug] [2020-11-17T16:34:54.622Z] >>> HTTP REQUEST GET https://cloudfunctions.googleapis.com/v1/projects/scrapbox-svg/locations/-/functions  
 
[debug] [2020-11-17T16:34:55.527Z] <<< HTTP RESPONSE 200 {"content-type":"application/json; charset=UTF-8","vary":"X-Origin, Referer, Origin,Accept-Encoding","date":"Tue, 17 Nov 2020 16:34:55 GMT","server":"ESF","cache-control":"private","x-xss-protection":"0","x-frame-options":"SAMEORIGIN","x-content-type-options":"nosniff","alt-svc":"h3-Q050=\":443\"; ma=2592000,h3-29=\":443\"; ma=2592000,h3-T051=\":443\"; ma=2592000,h3-Q046=\":443\"; ma=2592000,h3-Q043=\":443\"; ma=2592000,quic=\":443\"; ma=2592000; v=\"46,43\"","accept-ranges":"none","transfer-encoding":"chunked"}
[debug] [2020-11-17T16:34:55.529Z] >>> HTTP REQUEST GET https://cloudfunctions.googleapis.com/v1/operations/c2NyYXBib3gtc3ZnL3VzLWNlbnRyYWwxL2FwcC9qT0FXbFNISmlOMA  
 
[debug] [2020-11-17T16:34:55.935Z] <<< HTTP RESPONSE 200 {"content-type":"application/json; charset=UTF-8","vary":"X-Origin, Referer, Origin,Accept-Encoding","date":"Tue, 17 Nov 2020 16:34:55 GMT","server":"ESF","cache-control":"private","x-xss-protection":"0","x-frame-options":"SAMEORIGIN","x-content-type-options":"nosniff","alt-svc":"h3-Q050=\":443\"; ma=2592000,h3-29=\":443\"; ma=2592000,h3-T051=\":443\"; ma=2592000,h3-Q046=\":443\"; ma=2592000,h3-Q043=\":443\"; ma=2592000,quic=\":443\"; ma=2592000; v=\"46,43\"","accept-ranges":"none","transfer-encoding":"chunked"}
[debug] [2020-11-17T16:34:57.940Z] >>> HTTP REQUEST GET https://cloudfunctions.googleapis.com/v1/operations/c2NyYXBib3gtc3ZnL3VzLWNlbnRyYWwxL2FwcC9qT0FXbFNISmlOMA  
 
[debug] [2020-11-17T16:34:58.372Z] <<< HTTP RESPONSE 200 {"content-type":"application/json; charset=UTF-8","vary":"X-Origin, Referer, Origin,Accept-Encoding","date":"Tue, 17 Nov 2020 16:34:58 GMT","server":"ESF","cache-control":"private","x-xss-protection":"0","x-frame-options":"SAMEORIGIN","x-content-type-options":"nosniff","alt-svc":"h3-Q050=\":443\"; ma=2592000,h3-29=\":443\"; ma=2592000,h3-T051=\":443\"; ma=2592000,h3-Q046=\":443\"; ma=2592000,h3-Q043=\":443\"; ma=2592000,quic=\":443\"; ma=2592000; v=\"46,43\"","accept-ranges":"none","transfer-encoding":"chunked"}
[debug] [2020-11-17T16:35:00.378Z] >>> HTTP REQUEST GET https://cloudfunctions.googleapis.com/v1/operations/c2NyYXBib3gtc3ZnL3VzLWNlbnRyYWwxL2FwcC9qT0FXbFNISmlOMA  
 
[debug] [2020-11-17T16:35:00.911Z] <<< HTTP RESPONSE 200 {"content-type":"application/json; charset=UTF-8","vary":"X-Origin, Referer, Origin,Accept-Encoding","date":"Tue, 17 Nov 2020 16:35:00 GMT","server":"ESF","cache-control":"private","x-xss-protection":"0","x-frame-options":"SAMEORIGIN","x-content-type-options":"nosniff","alt-svc":"h3-Q050=\":443\"; ma=2592000,h3-29=\":443\"; ma=2592000,h3-T051=\":443\"; ma=2592000,h3-Q046=\":443\"; ma=2592000,h3-Q043=\":443\"; ma=2592000,quic=\":443\"; ma=2592000; v=\"46,43\"","accept-ranges":"none","transfer-encoding":"chunked"}
[debug] [2020-11-17T16:35:02.917Z] >>> HTTP REQUEST GET https://cloudfunctions.googleapis.com/v1/operations/c2NyYXBib3gtc3ZnL3VzLWNlbnRyYWwxL2FwcC9qT0FXbFNISmlOMA  
 
[debug] [2020-11-17T16:35:03.308Z] <<< HTTP RESPONSE 200 {"content-type":"application/json; charset=UTF-8","vary":"X-Origin, Referer, Origin,Accept-Encoding","date":"Tue, 17 Nov 2020 16:35:03 GMT","server":"ESF","cache-control":"private","x-xss-protection":"0","x-frame-options":"SAMEORIGIN","x-content-type-options":"nosniff","alt-svc":"h3-Q050=\":443\"; ma=2592000,h3-29=\":443\"; ma=2592000,h3-T051=\":443\"; ma=2592000,h3-Q046=\":443\"; ma=2592000,h3-Q043=\":443\"; ma=2592000,quic=\":443\"; ma=2592000; v=\"46,43\"","accept-ranges":"none","transfer-encoding":"chunked"}
[debug] [2020-11-17T16:35:05.312Z] >>> HTTP REQUEST GET https://cloudfunctions.googleapis.com/v1/operations/c2NyYXBib3gtc3ZnL3VzLWNlbnRyYWwxL2FwcC9qT0FXbFNISmlOMA  
 
[debug] [2020-11-17T16:35:05.869Z] <<< HTTP RESPONSE 200 {"content-type":"application/json; charset=UTF-8","vary":"X-Origin, Referer, Origin,Accept-Encoding","date":"Tue, 17 Nov 2020 16:35:05 GMT","server":"ESF","cache-control":"private","x-xss-protection":"0","x-frame-options":"SAMEORIGIN","x-content-type-options":"nosniff","alt-svc":"h3-Q050=\":443\"; ma=2592000,h3-29=\":443\"; ma=2592000,h3-T051=\":443\"; ma=2592000,h3-Q046=\":443\"; ma=2592000,h3-Q043=\":443\"; ma=2592000,quic=\":443\"; ma=2592000; v=\"46,43\"","accept-ranges":"none","transfer-encoding":"chunked"}
[debug] [2020-11-17T16:35:07.875Z] >>> HTTP REQUEST GET https://cloudfunctions.googleapis.com/v1/operations/c2NyYXBib3gtc3ZnL3VzLWNlbnRyYWwxL2FwcC9qT0FXbFNISmlOMA  
 
[debug] [2020-11-17T16:35:08.330Z] <<< HTTP RESPONSE 200 {"content-type":"application/json; charset=UTF-8","vary":"X-Origin, Referer, Origin,Accept-Encoding","date":"Tue, 17 Nov 2020 16:35:08 GMT","server":"ESF","cache-control":"private","x-xss-protection":"0","x-frame-options":"SAMEORIGIN","x-content-type-options":"nosniff","alt-svc":"h3-Q050=\":443\"; ma=2592000,h3-29=\":443\"; ma=2592000,h3-T051=\":443\"; ma=2592000,h3-Q046=\":443\"; ma=2592000,h3-Q043=\":443\"; ma=2592000,quic=\":443\"; ma=2592000; v=\"46,43\"","accept-ranges":"none","transfer-encoding":"chunked"}
[debug] [2020-11-17T16:35:10.335Z] >>> HTTP REQUEST GET https://cloudfunctions.googleapis.com/v1/operations/c2NyYXBib3gtc3ZnL3VzLWNlbnRyYWwxL2FwcC9qT0FXbFNISmlOMA  
 
[debug] [2020-11-17T16:35:10.783Z] <<< HTTP RESPONSE 200 {"content-type":"application/json; charset=UTF-8","vary":"X-Origin, Referer, Origin,Accept-Encoding","date":"Tue, 17 Nov 2020 16:35:10 GMT","server":"ESF","cache-control":"private","x-xss-protection":"0","x-frame-options":"SAMEORIGIN","x-content-type-options":"nosniff","alt-svc":"h3-Q050=\":443\"; ma=2592000,h3-29=\":443\"; ma=2592000,h3-T051=\":443\"; ma=2592000,h3-Q046=\":443\"; ma=2592000,h3-Q043=\":443\"; ma=2592000,quic=\":443\"; ma=2592000; v=\"46,43\"","accept-ranges":"none","transfer-encoding":"chunked"}
[debug] [2020-11-17T16:35:12.788Z] >>> HTTP REQUEST GET https://cloudfunctions.googleapis.com/v1/operations/c2NyYXBib3gtc3ZnL3VzLWNlbnRyYWwxL2FwcC9qT0FXbFNISmlOMA  
 
[debug] [2020-11-17T16:35:13.139Z] <<< HTTP RESPONSE 200 {"content-type":"application/json; charset=UTF-8","vary":"X-Origin, Referer, Origin,Accept-Encoding","date":"Tue, 17 Nov 2020 16:35:13 GMT","server":"ESF","cache-control":"private","x-xss-protection":"0","x-frame-options":"SAMEORIGIN","x-content-type-options":"nosniff","alt-svc":"h3-Q050=\":443\"; ma=2592000,h3-29=\":443\"; ma=2592000,h3-T051=\":443\"; ma=2592000,h3-Q046=\":443\"; ma=2592000,h3-Q043=\":443\"; ma=2592000,quic=\":443\"; ma=2592000; v=\"46,43\"","accept-ranges":"none","transfer-encoding":"chunked"}
[debug] [2020-11-17T16:35:15.143Z] >>> HTTP REQUEST GET https://cloudfunctions.googleapis.com/v1/operations/c2NyYXBib3gtc3ZnL3VzLWNlbnRyYWwxL2FwcC9qT0FXbFNISmlOMA  
 
[debug] [2020-11-17T16:35:15.456Z] <<< HTTP RESPONSE 200 {"content-type":"application/json; charset=UTF-8","vary":"X-Origin, Referer, Origin,Accept-Encoding","date":"Tue, 17 Nov 2020 16:35:15 GMT","server":"ESF","cache-control":"private","x-xss-protection":"0","x-frame-options":"SAMEORIGIN","x-content-type-options":"nosniff","alt-svc":"h3-Q050=\":443\"; ma=2592000,h3-29=\":443\"; ma=2592000,h3-T051=\":443\"; ma=2592000,h3-Q046=\":443\"; ma=2592000,h3-Q043=\":443\"; ma=2592000,quic=\":443\"; ma=2592000; v=\"46,43\"","accept-ranges":"none","transfer-encoding":"chunked"}
[debug] [2020-11-17T16:35:17.461Z] >>> HTTP REQUEST GET https://cloudfunctions.googleapis.com/v1/operations/c2NyYXBib3gtc3ZnL3VzLWNlbnRyYWwxL2FwcC9qT0FXbFNISmlOMA  
 
[debug] [2020-11-17T16:35:17.850Z] <<< HTTP RESPONSE 200 {"content-type":"application/json; charset=UTF-8","vary":"X-Origin, Referer, Origin,Accept-Encoding","date":"Tue, 17 Nov 2020 16:35:17 GMT","server":"ESF","cache-control":"private","x-xss-protection":"0","x-frame-options":"SAMEORIGIN","x-content-type-options":"nosniff","alt-svc":"h3-Q050=\":443\"; ma=2592000,h3-29=\":443\"; ma=2592000,h3-T051=\":443\"; ma=2592000,h3-Q046=\":443\"; ma=2592000,h3-Q043=\":443\"; ma=2592000,quic=\":443\"; ma=2592000; v=\"46,43\"","accept-ranges":"none","transfer-encoding":"chunked"}
[debug] [2020-11-17T16:35:19.855Z] >>> HTTP REQUEST GET https://cloudfunctions.googleapis.com/v1/operations/c2NyYXBib3gtc3ZnL3VzLWNlbnRyYWwxL2FwcC9qT0FXbFNISmlOMA  
 
[debug] [2020-11-17T16:35:20.307Z] <<< HTTP RESPONSE 200 {"content-type":"application/json; charset=UTF-8","vary":"X-Origin, Referer, Origin,Accept-Encoding","date":"Tue, 17 Nov 2020 16:35:20 GMT","server":"ESF","cache-control":"private","x-xss-protection":"0","x-frame-options":"SAMEORIGIN","x-content-type-options":"nosniff","alt-svc":"h3-Q050=\":443\"; ma=2592000,h3-29=\":443\"; ma=2592000,h3-T051=\":443\"; ma=2592000,h3-Q046=\":443\"; ma=2592000,h3-Q043=\":443\"; ma=2592000,quic=\":443\"; ma=2592000; v=\"46,43\"","accept-ranges":"none","transfer-encoding":"chunked"}
[debug] [2020-11-17T16:35:22.311Z] >>> HTTP REQUEST GET https://cloudfunctions.googleapis.com/v1/operations/c2NyYXBib3gtc3ZnL3VzLWNlbnRyYWwxL2FwcC9qT0FXbFNISmlOMA  
 
[debug] [2020-11-17T16:35:22.765Z] <<< HTTP RESPONSE 200 {"content-type":"application/json; charset=UTF-8","vary":"X-Origin, Referer, Origin,Accept-Encoding","date":"Tue, 17 Nov 2020 16:35:22 GMT","server":"ESF","cache-control":"private","x-xss-protection":"0","x-frame-options":"SAMEORIGIN","x-content-type-options":"nosniff","alt-svc":"h3-Q050=\":443\"; ma=2592000,h3-29=\":443\"; ma=2592000,h3-T051=\":443\"; ma=2592000,h3-Q046=\":443\"; ma=2592000,h3-Q043=\":443\"; ma=2592000,quic=\":443\"; ma=2592000; v=\"46,43\"","accept-ranges":"none","transfer-encoding":"chunked"}
[debug] [2020-11-17T16:35:24.770Z] >>> HTTP REQUEST GET https://cloudfunctions.googleapis.com/v1/operations/c2NyYXBib3gtc3ZnL3VzLWNlbnRyYWwxL2FwcC9qT0FXbFNISmlOMA  
 
[debug] [2020-11-17T16:35:25.119Z] <<< HTTP RESPONSE 200 {"content-type":"application/json; charset=UTF-8","vary":"X-Origin, Referer, Origin,Accept-Encoding","date":"Tue, 17 Nov 2020 16:35:25 GMT","server":"ESF","cache-control":"private","x-xss-protection":"0","x-frame-options":"SAMEORIGIN","x-content-type-options":"nosniff","alt-svc":"h3-Q050=\":443\"; ma=2592000,h3-29=\":443\"; ma=2592000,h3-T051=\":443\"; ma=2592000,h3-Q046=\":443\"; ma=2592000,h3-Q043=\":443\"; ma=2592000,quic=\":443\"; ma=2592000; v=\"46,43\"","accept-ranges":"none","transfer-encoding":"chunked"}
[debug] [2020-11-17T16:35:27.125Z] >>> HTTP REQUEST GET https://cloudfunctions.googleapis.com/v1/operations/c2NyYXBib3gtc3ZnL3VzLWNlbnRyYWwxL2FwcC9qT0FXbFNISmlOMA  
 
[debug] [2020-11-17T16:35:27.474Z] <<< HTTP RESPONSE 200 {"content-type":"application/json; charset=UTF-8","vary":"X-Origin, Referer, Origin,Accept-Encoding","date":"Tue, 17 Nov 2020 16:35:27 GMT","server":"ESF","cache-control":"private","x-xss-protection":"0","x-frame-options":"SAMEORIGIN","x-content-type-options":"nosniff","alt-svc":"h3-Q050=\":443\"; ma=2592000,h3-29=\":443\"; ma=2592000,h3-T051=\":443\"; ma=2592000,h3-Q046=\":443\"; ma=2592000,h3-Q043=\":443\"; ma=2592000,quic=\":443\"; ma=2592000; v=\"46,43\"","accept-ranges":"none","transfer-encoding":"chunked"}
[debug] [2020-11-17T16:35:29.479Z] >>> HTTP REQUEST GET https://cloudfunctions.googleapis.com/v1/operations/c2NyYXBib3gtc3ZnL3VzLWNlbnRyYWwxL2FwcC9qT0FXbFNISmlOMA  
 
[debug] [2020-11-17T16:35:29.932Z] <<< HTTP RESPONSE 200 {"content-type":"application/json; charset=UTF-8","vary":"X-Origin, Referer, Origin,Accept-Encoding","date":"Tue, 17 Nov 2020 16:35:29 GMT","server":"ESF","cache-control":"private","x-xss-protection":"0","x-frame-options":"SAMEORIGIN","x-content-type-options":"nosniff","alt-svc":"h3-Q050=\":443\"; ma=2592000,h3-29=\":443\"; ma=2592000,h3-T051=\":443\"; ma=2592000,h3-Q046=\":443\"; ma=2592000,h3-Q043=\":443\"; ma=2592000,quic=\":443\"; ma=2592000; v=\"46,43\"","accept-ranges":"none","transfer-encoding":"chunked"}
[debug] [2020-11-17T16:35:31.936Z] >>> HTTP REQUEST GET https://cloudfunctions.googleapis.com/v1/operations/c2NyYXBib3gtc3ZnL3VzLWNlbnRyYWwxL2FwcC9qT0FXbFNISmlOMA  
 
[debug] [2020-11-17T16:35:32.389Z] <<< HTTP RESPONSE 200 {"content-type":"application/json; charset=UTF-8","vary":"X-Origin, Referer, Origin,Accept-Encoding","date":"Tue, 17 Nov 2020 16:35:32 GMT","server":"ESF","cache-control":"private","x-xss-protection":"0","x-frame-options":"SAMEORIGIN","x-content-type-options":"nosniff","alt-svc":"h3-Q050=\":443\"; ma=2592000,h3-29=\":443\"; ma=2592000,h3-T051=\":443\"; ma=2592000,h3-Q046=\":443\"; ma=2592000,h3-Q043=\":443\"; ma=2592000,quic=\":443\"; ma=2592000; v=\"46,43\"","accept-ranges":"none","transfer-encoding":"chunked"}
